<?xml version="1.0" encoding="UTF-8"?>
<testng-results ignored="0" total="1" passed="1" failed="0" skipped="0">
  <reporter-output>
  </reporter-output>
  <suite started-at="2020-07-01T00:06:51 EDT" name="Suite" finished-at="2020-07-01T00:07:32 EDT" duration-ms="41049">
    <groups>
    </groups>
    <test started-at="2020-07-01T00:06:51 EDT" name="Test" finished-at="2020-07-01T00:07:32 EDT" duration-ms="41049">
      <class name="com.demoaut.newtours.testscripts.FlightBookingTest">
        <test-method is-config="true" signature="openapplication(java.lang.String)[pri:0, instance:com.demoaut.newtours.testscripts.FlightBookingTest@40e6dfe1]" started-at="2020-07-01T00:06:51 EDT" name="openapplication" finished-at="2020-07-01T00:07:15 EDT" duration-ms="24097" status="PASS">
          <params>
            <param index="0">
              <value>
                <![CDATA[Firefox]]>
              </value>
            </param>
          </params>
          <reporter-output>
          </reporter-output>
        </test-method> <!-- openapplication -->
        <test-method signature="flightbooking()[pri:0, instance:com.demoaut.newtours.testscripts.FlightBookingTest@40e6dfe1]" started-at="2020-07-01T00:07:15 EDT" name="flightbooking" finished-at="2020-07-01T00:07:32 EDT" duration-ms="16364" status="PASS">
          <reporter-output>
          </reporter-output>
        </test-method> <!-- flightbooking -->
        <test-method is-config="true" signature="closeapplication()[pri:0, instance:com.demoaut.newtours.testscripts.FlightBookingTest@40e6dfe1]" started-at="2020-07-01T00:07:32 EDT" name="closeapplication" finished-at="2020-07-01T00:07:32 EDT" duration-ms="572" status="PASS">
          <reporter-output>
          </reporter-output>
        </test-method> <!-- closeapplication -->
      </class> <!-- com.demoaut.newtours.testscripts.FlightBookingTest -->
    </test> <!-- Test -->
  </suite> <!-- Suite -->
</testng-results>
