<?xml version="1.0" encoding="UTF-8"?>
<!-- Generated by org.testng.reporters.JUnitXMLReporter -->
<testsuite ignored="0" hostname="Mounishs-MacBook-Pro.local" failures="1" tests="1" name="Test2" time="6.366" errors="0" timestamp="2020-06-11T22:49:44 EDT">
  <testcase classname="com.demoaut.newtours.testscripts.FlightBookingTest" name="flightbooking" time="0.002">
    <failure type="java.lang.NullPointerException">
      <![CDATA[java.lang.NullPointerException
at com.demoaut.newtours.pages.LoginPage.signinapplication(LoginPage.java:20)
at com.demoaut.newtours.testscripts.FlightBookingTest.flightbooking(FlightBookingTest.java:56)
at java.base/java.util.ArrayList.forEach(ArrayList.java:1510)
... Removed 27 stack frames]]>
    </failure>
  </testcase> <!-- flightbooking -->
</testsuite> <!-- Test2 -->
