<?xml version="1.0" encoding="UTF-8"?>
<!-- Generated by org.testng.reporters.JUnitXMLReporter -->
<testsuite ignored="0" hostname="Mounishs-MacBook-Pro.local" failures="0" tests="2" name="Test" time="41.049" errors="0" timestamp="2020-07-01T00:07:32 EDT">
  <testcase classname="com.demoaut.newtours.testscripts.FlightBookingTest" name="flightbooking" time="17.215"/>
  <testcase classname="com.demoaut.newtours.testscripts.FlightBookingTest" name="flightbooking" time="16.364"/>
</testsuite> <!-- Test -->
